[linxtheme.com/html/nafida/index-4.html]
[backblue.gif]
[fade.gif]
[index.html]
[cdn.linearicons.com/free/1.0.0/icon-font.min.css]
[maxcdn.bootstrapcdn.com/font-awesome/4.7.0/css/font-awesome.min.css]
[linxtheme.com/html/nafida/css/general_style.css]
[linxtheme.com/html/nafida/css/main_style.css]
[linxtheme.com/html/nafida/css/reset_style.css]
[linxtheme.com/html/nafida/favicon.ico]
[linxtheme.com/html/nafida/images/ring.svg]
[linxtheme.com/html/nafida/javascript]
[linxtheme.com/html/nafida/index-1.html]
[linxtheme.com/html/nafida/images/pers-pic.jpg]
[linxtheme.com/html/nafida/images/DJI_0118.jpg]
[linxtheme.com/html/nafida/images/DSC01002.jpg]
[linxtheme.com/html/nafida/images/DSC01103.jpg]
[linxtheme.com/html/nafida/images/HNCK2206.jpg]
[linxtheme.com/html/nafida/images/HNCK2530.jpg]
[linxtheme.com/html/nafida/images/P1020724.jpg]
[linxtheme.com/html/nafida/images/HNCK9221.jpg]
[linxtheme.com/html/nafida/images/HNCK4575.jpg]
[linxtheme.com/html/nafida/images/HNCK9879.jpg]
[linxtheme.com/html/nafida/images/blog1.jpg]
[linxtheme.com/html/nafida/single-post-transparent.html]
[linxtheme.com/html/nafida/images/blog2.jpg]
[linxtheme.com/html/nafida/images/blog3.jpg]
[linxtheme.com/cdn-cgi/scripts/5c5dd728/cloudflare-static/email-decode.min.js]
[linxtheme.com/html/nafida/js/jquery-1.12.4.min.js]
[linxtheme.com/html/nafida/js/jquery.popup.js]
[linxtheme.com/html/nafida/js/script.js]
[linxtheme.com/html/nafida/index-4.html]
[cdn.linearicons.com/free/1.0.0/Linearicons-Free.eot]
[cdn.linearicons.com/free/1.0.0/icon-font.min.css]
[maxcdn.bootstrapcdn.com/font-awesome/4.7.0/css/font-awesome.min.css]
[linxtheme.com/html/nafida/css/general_style.css]
[linxtheme.com/html/nafida/css/main_style.css]
[linxtheme.com/html/nafida/css/reset_style.css]
[linxtheme.com/html/nafida/images/ring.svg]
[linxtheme.com/html/nafida/javascript.html]
[linxtheme.com/html/nafida/index-1.html]
[linxtheme.com/html/nafida/single-post-transparent.html]
[linxtheme.com/html/nafida/single-post.html]
[linxtheme.com/html/nafida/single-post.html]
